
// File generated by darts version U-2023.06#da42d6af5a#240507, Thu Mar  6 19:54:37 2025
// Copyright 2014-2023 Synopsys, Inc. All rights reserved.
// darts -I/tools/ryzen_ai-1.3.0/vitis_aie_essentials/data/aie_ml/lib -d -h -I/tools/ryzen_ai-1.3.0/vitis_aie_essentials/include -I/tools/ryzen_ai-1.3.0/aietools/include -I/tools/ryzen_ai-1.3.0/vitis_aie_essentials/data/aie_ml/lib/runtime_cxx/libcxx-lite/include -I/tools/ryzen_ai-1.3.0/vitis_aie_essentials/data/aie_ml/lib/runtime_cxx/libs/libcxx-9.0.0/include-lite -I/tools/ryzen_ai-1.3.0/vitis_aie_essentials/data/aie_ml/lib/runtime/include -I/tools/ryzen_ai-1.3.0/vitis_aie_essentials/tps/boost_1_64_0 -D__AIENGINE__ -D__AIE_ARCH__=20 -D__AIEARCH__=20 -D__tct_tgt__=240507 -L +Ihex +nanno scale.o me

// Release: ipp U-2023.06-TGT-240507
.undef global data _ZN12me_primitive11control_satE

.undef global data _ZN12me_primitive11control_rndE

.text_segment_name
.text global 16 _Z16scale_vectorizedIiEvPT_S1_ii
.function_start
	     0    0xff 0x66 0x08 0x2e 0x28 0x00 0x00 0x01 0x18 0x00 0x10 0xb7                      MOVA r24, #-5;                VLDB wh8, [p0, #32];                                        MOVXM p2, #_ZN12me_primitive11control_rndE
	    12    0x40 0x56 0x48 0x26 0x08 0x03 0x8c 0x6f 0xc0 0x03 0xc8 0xb7                      LDA r25, [p2, #0];            VLDB wl8, [p0], #64;                                        LSHL r24, r1, r24;            MOV r30, #1
	    24    0x01 0xe6 0x88 0x2d 0x68 0x3d 0xbc 0x67 0xa0 0x07 0x48 0xb7                      MOVA r26, #15;                VLDB wh5, [p0, #32];                                        LTU r27, r30, r24;            MOV r29, #2
.aggressive_scheduled_block_id 1
.aggressive_scheduled_block_id first
	    36    0x00 0x06 0x08 0x25 0x48 0x3d 0xec 0x30 0x20 0x13 0xd8 0xb7                      MOVA r24, #0;                 VLDB wl5, [p0], #64;                                        SEL.EQZ r30, r30, r24, r27;   VBCSTSHFL.32 x0, r0, r29
.aggressive_scheduled_block_id 1
.noswbrkpt
	    48    0x00 0x67 0x48 0x2e 0x28 0x00 0x00 0x01 0x18 0x00 0x10 0xb7                      MOVA r29, #3;                 VLDB wh8, [p0, #32];                                        MOVXM p2, #_ZN12me_primitive11control_satE
.aggressive_scheduled_block_id 1
.nohwbrkpt
.noswbrkpt
	    60    0x40 0x57 0x08 0x26 0x08 0x00 0x10 0x48 0xa6 0x03 0xd8 0xb7                      LDA r28, [p2, #0];            VLDB wl8, [p0], #64;                                        MOVX r1, #2;                  VBCST.32 x2, r24
.aggressive_scheduled_block_id 1
.nohwbrkpt
.noswbrkpt
	    72    0x6b 0x46 0x08 0x2d 0x68 0x00 0x00 0x80 0x60 0x13 0xd8 0xb7                      MOVA r24, #858;               VLDB wh5, [p0, #32];                                        EVENT #0;                     VBCSTSHFL.32 x1, r0, r29
.aggressive_scheduled_block_id 1
.nohwbrkpt
.noswbrkpt
	    84    0x00 0x25 0x48 0xb0 0x06 0x85                                                                                  VLDB wl5, [p0], #64;                                                                      MOV s0, #0
.aggressive_scheduled_block_id 1
.nohwbrkpt
.noswbrkpt
	    90    0x2b 0x46 0x88 0x33 0x9d 0x25 0x07 0x60 0xb8 0xbb                                MOVA r26, #346;                                                                           AND r25, r25, r26;            VSHUFFLE x4, x8, x2, r29
.aggressive_scheduled_block_id 1
.nohwbrkpt
.noswbrkpt
	   100    0x00 0x32 0xc1 0x00 0xc0 0x60 0xb8 0x43                                                                                                                                    MOVX crRnd, r25;              VSHUFFLE x3, x8, x2, r1
.aggressive_scheduled_block_id 1
.nohwbrkpt
.noswbrkpt
	   108    0x00 0x2e 0x2c 0x8e 0xa9 0x66 0xc7 0x90 0x5c 0x0b                                                              VLDB wh8, [p0, #32];                                                                      VSHUFFLE x9, x5, x2, r29;               VMUL cm7, x4, x1, r24
.aggressive_scheduled_block_id 1
.nohwbrkpt
.noswbrkpt
	   118    0x00 0x26 0x0b 0x00 0xa9 0x65                                                                                  VLDB wl8, [p0], #64;                                                                      VSHUFFLE x6, x5, x2, r1
.aggressive_scheduled_block_id 1
.nohwbrkpt
.noswbrkpt
	   124    0x05 0xad 0x00 0x00 0x06 0x46 0x5a 0x2a 0xc7 0xa4 0x58 0x27                                                    VLDB wh5, [p0, #32];                                        MOVXM r25, #1626;                                                     VMUL cm6, x9, x1, r24
.aggressive_scheduled_block_id 1
.nohwbrkpt
.noswbrkpt
	   136    0x04 0xa9 0x72 0x42 0x02 0x0e 0xc1 0x7a 0xcb 0x90 0x08 0x27                                                    VLDB wl5, [p0], #64;                                        MOVX crSat, r28;              VSHUFFLE x4, x8, x2, r29;               VMAC cm2, cm7, x4, x0, r25
.aggressive_scheduled_block_id 1
.nohwbrkpt
.noswbrkpt
	   148    0x04 0x8e 0xa9 0x66 0xcb 0x24 0x00 0x23                                                                                                                                                                  VSHUFFLE x9, x5, x2, r29;               VMAC cm0, cm6, x9, x0, r25
.aggressive_scheduled_block_id 1
.nohwbrkpt
.noswbrkpt
	   156    0x00 0x00 0x00 0x70 0x45 0xa2 0xd1 0x0c 0x4c 0x1b                                                                                                                          MOVXM r28, #1114;                                                     VMAC cm3, cm2, x3, x1, r26
.aggressive_scheduled_block_id 1
.nohwbrkpt
.noswbrkpt
	   166    0x01 0x80 0xc1 0x66 0xd0 0x18 0x50 0x23                                                                                                                                                                  VSHUFFLE x3, x8, x2, r1;                VMAC cm4, cm0, x6, x1, r26
.aggressive_scheduled_block_id 1
.nohwbrkpt
.noswbrkpt
	   174    0x03 0x00 0xa9 0x66 0xe1 0x8c 0x04 0x23                                                                                                                                                                  VSHUFFLE x6, x5, x2, r1;                VMAC cm1, cm3, x3, x0, r28
.aggressive_scheduled_block_id 1
.aggressive_scheduled_block_id last
.nohwbrkpt
.noswbrkpt
	   182    0x00 0x00 0x00 0x07 0x0f 0x02 0xe2 0x18 0x14 0x1b                                                                                                                          MOVXM ls, #(ZLS_F_Z16scale_vectorizedIiEvPT_S1_ii_240 + 0);           VMAC cm5, cm4, x6, x0, r28
	   192    0x00 0x00 0x00 0x47 0x14 0x02 0xc7 0x90 0x5c 0x1b                                                                                                                          MOVXM le, #(ZLE_F_Z16scale_vectorizedIiEvPT_S1_ii_320 + 0);           VMUL cm7, x4, x1, r24
	   202    0x05 0x7f 0x7e 0xe6 0xc7 0xa4 0x58 0x23                                                                                                                                                                  ADD.NC lc, r30, #-3;                    VMUL cm6, x9, x1, r24
	   210    0xcb 0x90 0x08 0x09                                                                                                                                                                                                                              VMAC cm2, cm7, x4, x0, r25
	   214    0x77 0x98 0x90 0x02 0xcb 0x24 0x00 0x23                                                                                                      VSRS.s32.s64 x7, cm1, s0;                                                                           VMAC cm0, cm6, x9, x0, r25
	   222    0xd1 0x0c 0x4c 0x09                                                                                                                                                                                                                              VMAC cm3, cm2, x3, x1, r26
.aggressive_scheduled_block_id 2
.aggressive_scheduled_block_id first
	   226    0x00 0x00 0x00 0x00 0x00 0x00 0x00 0x40 0x00 0x38 0x00 0x00 0x78 0x2f            NOPA;                                                       NOPS;                                                       NOPM;                                   NOPV
.label ZLS_F_Z16scale_vectorizedIiEvPT_S1_ii_240
.loop_nesting 1
.begin_of_loop
.aggressive_scheduled_block_id 2
.noswbrkpt
	   240    0xa7 0x9a 0x90 0x2e 0x2a 0x0e 0xc1 0x66 0xe1 0x8c 0x04 0x27                                                    VLDB wh8, [p0, #32];          VSRS.s32.s64 x10, cm5, s0;                                  VSHUFFLE x4, x8, x2, r29;               VMAC cm1, cm3, x3, x0, r28
.aggressive_scheduled_block_id 2
.nohwbrkpt
.noswbrkpt
	   252    0x20 0xd3 0xf8 0x26 0x09 0x80 0xc1 0x66 0xd0 0x18 0x50 0x27                                                    VLDB wl8, [p0], #64;          VST wh7, [p1, #32];                                         VSHUFFLE x3, x8, x2, r1;                VMAC cm4, cm0, x6, x1, r26
.aggressive_scheduled_block_id 2
.noswbrkpt
	   264    0x20 0xb3 0xb8 0x2d 0x6c 0x8e 0xa9 0x66 0xc7 0x90 0x5c 0x27                                                    VLDB wh5, [p0, #32];          VST wl7, [p1], #64;                                         VSHUFFLE x9, x5, x2, r29;               VMUL cm7, x4, x1, r24
.aggressive_scheduled_block_id 2
.aggressive_scheduled_block_id last
.nohwbrkpt
.noswbrkpt
	   276    0x00 0x25 0x4b 0x00 0xa9 0x66 0xe2 0x18 0x14 0x0b                                                              VLDB wl5, [p0], #64;                                                                      VSHUFFLE x6, x5, x2, r1;                VMAC cm5, cm4, x6, x0, r28
	   286    0x20 0xd5 0x78 0x02 0xcb 0x90 0x08 0x23                                                                                                      VST wh10, [p1, #32];                                                                                VMAC cm2, cm7, x4, x0, r25
	   294    0x00 0x00 0x03 0xbc 0xc4 0x89 0xc7 0xa4 0x58 0x0b                                NOPA;                                                       VSRS.s32.s64 x7, cm1, s0;                                                                           VMUL cm6, x9, x1, r24
	   304    0x00 0x00 0x00 0x00 0x01 0x05 0xa9 0xc0 0x00 0x00 0x00 0x03 0x8e 0x88 0x62 0x60  NOPA;                         NOPB;                         VST wl10, [p1], #64;          NOPX;                         NOPM;                                   VMAC cm3, cm2, x3, x1, r26
.label ZLE_F_Z16scale_vectorizedIiEvPT_S1_ii_320
.end_of_loop
	   320    0x00 0x00 0x00 0x00 0x00 0x00 0x00 0x00 0x00 0x00 0x00 0x03 0x8e 0x59 0x20 0x00  NOPA;                         NOPB;                         NOPS;                         NOPX;                         NOPM;                                   VMAC cm0, cm6, x9, x0, r25
.loop_nesting 0
	   336    0xa7 0x9a 0x92 0x0e 0xc1 0x64 0xe1 0x8c 0x04 0x0b                                                                                            VSRS.s32.s64 x10, cm5, s0;                                  VSHUFFLE x4, x8, x2, r29;               VMAC cm1, cm3, x3, x0, r28
	   346    0x20 0xd3 0xf9 0x80 0xc1 0x64 0xd0 0x18 0x50 0x0b                                                                                            VST wh7, [p1, #32];                                         VSHUFFLE x3, x8, x2, r1;                VMAC cm4, cm0, x6, x1, r26
	   356    0x20 0xb3 0xbc 0x8e 0xa9 0x64 0xc7 0x90 0x5c 0x0b                                                                                            VST wl7, [p1], #64;                                         VSHUFFLE x9, x5, x2, r29;               VMUL cm7, x4, x1, r24
	   366    0x03 0x00 0xa9 0x66 0xe2 0x18 0x14 0x23                                                                                                                                                                  VSHUFFLE x6, x5, x2, r1;                VMAC cm5, cm4, x6, x0, r28
	   374    0x20 0xd5 0x78 0x02 0xcb 0x90 0x08 0x23                                                                                                      VST wh10, [p1, #32];                                                                                VMAC cm2, cm7, x4, x0, r25
	   382    0x77 0x98 0x90 0x02 0xc7 0xa4 0x58 0x23                                                                                                      VSRS.s32.s64 x7, cm1, s0;                                                                           VMUL cm6, x9, x1, r24
	   390    0x20 0xb5 0x38 0x02 0xd1 0x0c 0x4c 0x23                                                                                                      VST wl10, [p1], #64;                                                                                VMAC cm3, cm2, x3, x1, r26
	   398    0xcb 0x24 0x00 0x09                                                                                                                                                                                                                              VMAC cm0, cm6, x9, x0, r25
	   402    0xa7 0x9a 0x90 0x02 0xe1 0x8c 0x04 0x23                                                                                                      VSRS.s32.s64 x10, cm5, s0;                                                                          VMAC cm1, cm3, x3, x0, r28
	   410    0x20 0xd3 0xf8 0x02 0xd0 0x18 0x50 0x23                                                                                                      VST wh7, [p1, #32];                                                                                 VMAC cm4, cm0, x6, x1, r26
	   418    0x09 0x05 0x9d 0xd9                                                                                                                          VST wl7, [p1], #64
	   422    0xe2 0x18 0x14 0x09                                                                                                                                                                                                                              VMAC cm5, cm4, x6, x0, r28
	   426    0x09 0x06 0xab 0xd9                                                                                                                          VST wh10, [p1, #32]
	   430    0x0b 0xbc 0xc4 0x99                                                                                                                          VSRS.s32.s64 x7, cm1, s0
	   434    0x00 0x01                                                                        NOPX
.aggressive_scheduled_block_id 3
.aggressive_scheduled_block_id first
	   436    0x00 0x01                                                                        NOPX
.aggressive_scheduled_block_id 3
.noswbrkpt
	   438    0xa7 0x9a 0x90 0x00 0x18 0x3d                                                                                                                VSRS.s32.s64 x10, cm5, s0;    RET lr
.delay_slot
.aggressive_scheduled_block_id 3
.aggressive_scheduled_block_id last
.nohwbrkpt
.noswbrkpt
	   444    0x09 0x05 0xa9 0xd9                                                                                                                          VST wl10, [p1], #64
.delay_slot
	   448    0x09 0x06 0x9f 0xd9                                                                                                                          VST wh7, [p1, #32]
.delay_slot
	   452    0x09 0x05 0x9d 0xd9                                                                                                                          VST wl7, [p1], #64
.delay_slot
	   456    0x20 0xd5 0x78 0x00 0x00 0x03 0x80 0x03                                                                                                      VST wh10, [p1, #32];                                        NOPM
.label _Z16scale_vectorizedIiEvPT_S1_ii__end last
.delay_slot
	   464    0x00 0x00 0x00 0x00 0x01 0x05 0xa9 0xd0 0x00 0x80 0x00 0x03 0x88 0x00 0x03 0xc0  NOPA;                         NOPB;                         VST wl10, [p1], #64;          EVENT #1;                     NOPM;                                   NOPV

.undef global data _ZN12me_primitive11control_satE

.undef global data _ZN12me_primitive11control_rndE

.text_segment_name
.text global 10 vector_scalar_mul_int32_scalar
.function_start
	     0    0x10 0x32 0x01 0x19                                                                                                                                                        MOVX r25, #0
	     4    0x16 0x72 0x09 0x99                                                                                                                                                        GE r25, r25, r0
	     8    0xc8 0x00 0x58 0x40 0x01 0x95                                                                                                                                              JNZ r25, #TGT_Fvector_scalar_mul_int32_scalar_176
.delay_slot
	    14    0x40 0x56 0x08 0x00 0x10 0x1d                                                    LDA r24, [p2, #0];                                                                        EVENT #0
.delay_slot
.swstall delay_slot
	    20    0x00 0x01                                                                        NOPX
.delay_slot
.swstall delay_slot
	    22    0x00 0x01                                                                        NOPX
.delay_slot
.swstall delay_slot
	    24    0x00 0x01                                                                        NOPX
.delay_slot
.swstall delay_slot
	    26    0x00 0x01                                                                        NOPX
	    28    0x1d 0x70 0x16 0x59                                                                                                                                                                                      MOV lc, r0
	    32    0x00 0x00 0x00 0xe0 0x60 0x55                                                                                                                                              MOVXM ls, #(ZLS_Fvector_scalar_mul_int32_scalar_48 + 0)
	    38    0x00 0x00 0x00 0x00 0x00 0x02 0x38 0x50 0x10 0xbb                                NOPA;                                                                                     MOVXM le, #(ZLE_Fvector_scalar_mul_int32_scalar_160 + 0)
.label ZLS_Fvector_scalar_mul_int32_scalar_48
.loop_nesting 1
.begin_of_loop
	    48    0x00 0x03 0xb2 0x59                                                              LDA r25, [p0], #4
	    52    0x00 0x01                                                                        NOPX
	    54    0x00 0x00 0x00 0x00 0x00 0x00 0x00 0x03 0x8e 0xbb                                NOPA;                         NOPB;                                                                                     NOPM
	    64    0x00 0x00 0x00 0x00 0x00 0x00 0x00 0x00 0x00 0x00 0x00 0x03 0x88 0x00 0x03 0xc0  NOPA;                         NOPB;                         NOPS;                         NOPX;                         NOPM;                                   NOPV
	    80    0x00 0x00 0x00 0x00 0x00 0x00 0x00 0x00 0x00 0x00 0x00 0x03 0x88 0x00 0x03 0xc0  NOPA;                         NOPB;                         NOPS;                         NOPX;                         NOPM;                                   NOPV
	    96    0x00 0x00 0x00 0x00 0x00 0x00 0x00 0x00 0x00 0x00 0x00 0x03 0x88 0x00 0x03 0xc0  NOPA;                         NOPB;                         NOPS;                         NOPX;                         NOPM;                                   NOPV
	   112    0x00 0x00 0x00 0x00 0x00 0x00 0x00 0x00 0x00 0x00 0x00 0x03 0x88 0x00 0x03 0xc0  NOPA;                         NOPB;                         NOPS;                         NOPX;                         NOPM;                                   NOPV
	   128    0x00 0x00 0x00 0x00 0x00 0x00 0x00 0x32 0x1c 0x7c 0x00 0x03 0x88 0x00 0x03 0xc0  NOPA;                         NOPB;                         NOPS;                         MUL r1, r25, r24;             NOPM;                                   NOPV
	   144    0x00 0x00 0x00 0x00 0x00 0x00 0x00 0x00 0x00 0x00 0x00 0x03 0x88 0x00 0x03 0xc0  NOPA;                         NOPB;                         NOPS;                         NOPX;                         NOPM;                                   NOPV
.label ZLE_Fvector_scalar_mul_int32_scalar_160
.end_of_loop
	   160    0x00 0x00 0x00 0x00 0x01 0x03 0x82 0x00 0x00 0x00 0x00 0x03 0x88 0x00 0x03 0xc0  NOPA;                         NOPB;                         ST r1, [p1], #4;              NOPX;                         NOPM;                                   NOPV
.label TGT_Fvector_scalar_mul_int32_scalar_176
.loop_nesting 0
	   176    0x10 0x00 0x18 0x19                                                                                                                                                        RET lr
.delay_slot
	   180    0x12 0x00 0x10 0x19                                                                                                                                                        EVENT #1
.delay_slot
.swstall delay_slot
	   184    0x00 0x01                                                                        NOPX
.delay_slot
.swstall delay_slot
	   186    0x00 0x01                                                                        NOPX
.delay_slot
.swstall delay_slot
	   188    0x00 0x01                                                                        NOPX
.label vector_scalar_mul_int32_scalar__end last
.delay_slot
.swstall delay_slot
	   190    0x00 0x01                                                                        NOPX

.text_segment_name
.text global 10 vector_scalar_mul_int32_vector
.function_start
	     0    0x40 0x57 0x88 0x2e 0x28 0x00 0x00 0x01 0x18 0x00 0x10 0xb7                      LDA r30, [p2, #0];            VLDB wh8, [p0, #32];                                        MOVXM p2, #_ZN12me_primitive11control_rndE
	    12    0x40 0x50 0x48 0x26 0x08 0x00 0x00 0x01 0x18 0x00 0x10 0xb7                      LDA r1, [p2, #0];             VLDB wl8, [p0], #64;                                        MOVXM p2, #_ZN12me_primitive11control_satE
	    24    0x40 0x57 0x08 0x2d 0x68 0x01 0xf0 0x2b 0x27 0xf7 0xc8 0xb7                      LDA r28, [p2, #0];            VLDB wh5, [p0, #32];                                        MOVX r31, #1;                 MOV r25, #-5
.aggressive_scheduled_block_id 1
.aggressive_scheduled_block_id first
	    36    0x00 0x66 0x88 0x25 0x48 0x01 0x9c 0xef 0xa0 0x07 0x48 0xb7                      MOVA r26, #3;                 VLDB wl5, [p0], #64;                                        LSHL r25, r0, r25;            MOV r29, #2
.aggressive_scheduled_block_id 1
.noswbrkpt
	    48    0x01 0xe0 0x08 0x2e 0x28 0x3f 0xbc 0xe7 0x00 0x07 0x48 0xb7                      MOVA r0, #15;                 VLDB wh8, [p0, #32];                                        LTU r27, r31, r25;            MOV r24, #2
.aggressive_scheduled_block_id 1
.nohwbrkpt
.noswbrkpt
	    60    0x6b 0x46 0x48 0x26 0x08 0x3f 0xbc 0xb3 0xe0 0x03 0x48 0xb7                      MOVA r25, #858;               VLDB wl8, [p0], #64;                                        SEL.EQZ r27, r31, r25, r27;   MOV r31, #0
.aggressive_scheduled_block_id 1
.nohwbrkpt
.noswbrkpt
	    72    0x00 0x2d 0x68 0x0b 0xf3 0x48 0x27 0xc3 0xd8 0x3b                                                              VLDB wh5, [p0, #32];                                        MOVX r31, #346;               VBCST.32 x0, r31
.aggressive_scheduled_block_id 1
.nohwbrkpt
.noswbrkpt
	    82    0x00 0x25 0x48 0x01 0xd0 0x68 0x67 0x93 0xd8 0x3b                                                              VLDB wl5, [p0], #64;                                        MOVX r29, #3;                 VBCSTSHFL.32 x1, r30, r29
.aggressive_scheduled_block_id 1
.nohwbrkpt
.noswbrkpt
	    92    0x00 0x02 0x00 0x25 0x06 0xa0 0x38 0x43                                                                                                                                    AND r0, r1, r0;               VSHUFFLE x4, x8, x0, r26
.aggressive_scheduled_block_id 1
.nohwbrkpt
.noswbrkpt
	   100    0x00 0x39 0x21 0x00 0xc6 0x20 0x38 0x43                                                                                                                                    MOVX crSat, r28;              VSHUFFLE x3, x8, x0, r24
.aggressive_scheduled_block_id 1
.nohwbrkpt
.noswbrkpt
	   108    0x00 0x00 0xc1 0x02 0x46 0x94 0x38 0x43                                                                                                                                    MOVX crRnd, r0;               VSHUFFLE x9, x5, x0, r26
.aggressive_scheduled_block_id 1
.aggressive_scheduled_block_id last
.nohwbrkpt
.noswbrkpt
	   116    0x00 0x00 0x00 0x81 0x86 0x14 0x38 0x43                                                                                                                                    EVENT #0;                     VSHUFFLE x6, x5, x0, r24
.aggressive_scheduled_block_id 2
.aggressive_scheduled_block_id first
	   124    0x19 0x4f 0x27 0xb9                                                                                                                                                                                      VBCSTSHFL.32 x2, r30, r29
.aggressive_scheduled_block_id 2
.noswbrkpt
	   128    0x00 0x2e 0x28 0x00 0x00 0x03 0x83 0x2d 0x10 0x3b                                                              VLDB wh8, [p0, #32];                                        MOVXM r28, #1626
.aggressive_scheduled_block_id 2
.nohwbrkpt
.noswbrkpt
	   138    0x04 0xc1 0x00 0x00 0x07 0x84 0x5a 0x2a 0xcf 0x90 0x9c 0x27                                                    VLDB wl8, [p0], #64;                                        MOVXM r30, #1114;                                                     VMUL cm7, x4, x2, r25
.aggressive_scheduled_block_id 2
.nohwbrkpt
.noswbrkpt
	   150    0x00 0x2d 0x6a 0x0d 0x40 0x66 0xcf 0xa4 0x98 0x0b                                                              VLDB wh5, [p0, #32];                                                                      VSHUFFLE x4, x8, x0, r26;               VMUL cm6, x9, x2, r25
.aggressive_scheduled_block_id 2
.nohwbrkpt
.noswbrkpt
	   160    0x00 0x25 0x4c 0x8d 0x28 0x66 0xe3 0x90 0x48 0x0b                                                              VLDB wl5, [p0], #64;                                                                      VSHUFFLE x9, x5, x0, r26;               VMAC cm2, cm7, x4, x1, r28
.aggressive_scheduled_block_id 2
.nohwbrkpt
.noswbrkpt
	   170    0x00 0xb0 0x06 0x86 0xe3 0x24 0x40 0x23                                                                                                                                                                  MOV s0, #0;                             VMAC cm0, cm6, x9, x1, r28
.aggressive_scheduled_block_id 2
.nohwbrkpt
.noswbrkpt
	   178    0x00 0x00 0x00 0x07 0x10 0x02 0xf9 0x0c 0x8c 0x1b                                                                                                                          MOVXM ls, #(ZLS_Fvector_scalar_mul_int32_vector_256 + 0);             VMAC cm3, cm2, x3, x2, r31
.aggressive_scheduled_block_id 2
.nohwbrkpt
.noswbrkpt
	   188    0x01 0x8c 0x40 0x66 0xf8 0x18 0x90 0x23                                                                                                                                                                  VSHUFFLE x3, x8, x0, r24;               VMAC cm4, cm0, x6, x2, r31
.aggressive_scheduled_block_id 2
.nohwbrkpt
.noswbrkpt
	   196    0x03 0x0c 0x28 0x66 0xf1 0x8c 0x44 0x23                                                                                                                                                                  VSHUFFLE x6, x5, x0, r24;               VMAC cm1, cm3, x3, x1, r30
.aggressive_scheduled_block_id 2
.aggressive_scheduled_block_id last
.nohwbrkpt
.noswbrkpt
	   204    0x00 0x00 0x00 0x47 0x15 0x02 0xf2 0x18 0x54 0x1b                                                                                                                          MOVXM le, #(ZLE_Fvector_scalar_mul_int32_vector_336 + 0);             VMAC cm5, cm4, x6, x1, r30
	   214    0x05 0x7d 0xfe 0xe6 0xcf 0x90 0x9c 0x23                                                                                                                                                                  ADD.NC lc, r27, #-3;                    VMUL cm7, x4, x2, r25
	   222    0xcf 0xa4 0x98 0x09                                                                                                                                                                                                                              VMUL cm6, x9, x2, r25
	   226    0xe3 0x90 0x48 0x09                                                                                                                                                                                                                              VMAC cm2, cm7, x4, x1, r28
	   230    0x77 0x98 0x90 0x02 0xe3 0x24 0x40 0x23                                                                                                      VSRS.s32.s64 x7, cm1, s0;                                                                           VMAC cm0, cm6, x9, x1, r28
	   238    0xf9 0x0c 0x8c 0x09                                                                                                                                                                                                                              VMAC cm3, cm2, x3, x2, r31
.aggressive_scheduled_block_id 3
.aggressive_scheduled_block_id first
	   242    0x00 0x00 0x00 0x00 0x00 0x00 0x00 0x40 0x00 0x38 0x00 0x00 0x78 0x2f            NOPA;                                                       NOPS;                                                       NOPM;                                   NOPV
.label ZLS_Fvector_scalar_mul_int32_vector_256
.loop_nesting 1
.begin_of_loop
.aggressive_scheduled_block_id 3
.noswbrkpt
	   256    0xa7 0x9a 0x90 0x2e 0x2a 0x0d 0x40 0x66 0xf1 0x8c 0x44 0x27                                                    VLDB wh8, [p0, #32];          VSRS.s32.s64 x10, cm5, s0;                                  VSHUFFLE x4, x8, x0, r26;               VMAC cm1, cm3, x3, x1, r30
.aggressive_scheduled_block_id 3
.nohwbrkpt
.noswbrkpt
	   268    0x20 0xd3 0xf8 0x26 0x09 0x8c 0x40 0x66 0xf8 0x18 0x90 0x27                                                    VLDB wl8, [p0], #64;          VST wh7, [p1, #32];                                         VSHUFFLE x3, x8, x0, r24;               VMAC cm4, cm0, x6, x2, r31
.aggressive_scheduled_block_id 3
.noswbrkpt
	   280    0x20 0xb3 0xb8 0x2d 0x6c 0x8d 0x28 0x66 0xcf 0x90 0x9c 0x27                                                    VLDB wh5, [p0, #32];          VST wl7, [p1], #64;                                         VSHUFFLE x9, x5, x0, r26;               VMUL cm7, x4, x2, r25
.aggressive_scheduled_block_id 3
.aggressive_scheduled_block_id last
.nohwbrkpt
.noswbrkpt
	   292    0x00 0x25 0x4b 0x0c 0x28 0x66 0xf2 0x18 0x54 0x0b                                                              VLDB wl5, [p0], #64;                                                                      VSHUFFLE x6, x5, x0, r24;               VMAC cm5, cm4, x6, x1, r30
	   302    0x20 0xd5 0x78 0x02 0xe3 0x90 0x48 0x23                                                                                                      VST wh10, [p1, #32];                                                                                VMAC cm2, cm7, x4, x1, r28
	   310    0x00 0x00 0x03 0xbc 0xc4 0x89 0xcf 0xa4 0x98 0x0b                                NOPA;                                                       VSRS.s32.s64 x7, cm1, s0;                                                                           VMUL cm6, x9, x2, r25
	   320    0x00 0x00 0x00 0x00 0x01 0x05 0xa9 0xc0 0x00 0x00 0x00 0x03 0x8f 0xc8 0x64 0x60  NOPA;                         NOPB;                         VST wl10, [p1], #64;          NOPX;                         NOPM;                                   VMAC cm3, cm2, x3, x2, r31
.label ZLE_Fvector_scalar_mul_int32_vector_336
.end_of_loop
	   336    0x00 0x00 0x00 0x00 0x00 0x00 0x00 0x00 0x00 0x00 0x00 0x03 0x8f 0x19 0x22 0x00  NOPA;                         NOPB;                         NOPS;                         NOPX;                         NOPM;                                   VMAC cm0, cm6, x9, x1, r28
.loop_nesting 0
	   352    0xa7 0x9a 0x92 0x0d 0x40 0x64 0xf1 0x8c 0x44 0x0b                                                                                            VSRS.s32.s64 x10, cm5, s0;                                  VSHUFFLE x4, x8, x0, r26;               VMAC cm1, cm3, x3, x1, r30
	   362    0x20 0xd3 0xf9 0x8c 0x40 0x64 0xf8 0x18 0x90 0x0b                                                                                            VST wh7, [p1, #32];                                         VSHUFFLE x3, x8, x0, r24;               VMAC cm4, cm0, x6, x2, r31
	   372    0x20 0xb3 0xbc 0x8d 0x28 0x64 0xcf 0x90 0x9c 0x0b                                                                                            VST wl7, [p1], #64;                                         VSHUFFLE x9, x5, x0, r26;               VMUL cm7, x4, x2, r25
	   382    0x03 0x0c 0x28 0x66 0xf2 0x18 0x54 0x23                                                                                                                                                                  VSHUFFLE x6, x5, x0, r24;               VMAC cm5, cm4, x6, x1, r30
	   390    0x20 0xd5 0x78 0x02 0xe3 0x90 0x48 0x23                                                                                                      VST wh10, [p1, #32];                                                                                VMAC cm2, cm7, x4, x1, r28
	   398    0x77 0x98 0x90 0x02 0xcf 0xa4 0x98 0x23                                                                                                      VSRS.s32.s64 x7, cm1, s0;                                                                           VMUL cm6, x9, x2, r25
	   406    0x20 0xb5 0x38 0x02 0xf9 0x0c 0x8c 0x23                                                                                                      VST wl10, [p1], #64;                                                                                VMAC cm3, cm2, x3, x2, r31
	   414    0xe3 0x24 0x40 0x09                                                                                                                                                                                                                              VMAC cm0, cm6, x9, x1, r28
	   418    0xa7 0x9a 0x90 0x02 0xf1 0x8c 0x44 0x23                                                                                                      VSRS.s32.s64 x10, cm5, s0;                                                                          VMAC cm1, cm3, x3, x1, r30
	   426    0x20 0xd3 0xf8 0x02 0xf8 0x18 0x90 0x23                                                                                                      VST wh7, [p1, #32];                                                                                 VMAC cm4, cm0, x6, x2, r31
	   434    0x09 0x05 0x9d 0xd9                                                                                                                          VST wl7, [p1], #64
	   438    0xf2 0x18 0x54 0x09                                                                                                                                                                                                                              VMAC cm5, cm4, x6, x1, r30
	   442    0x09 0x06 0xab 0xd9                                                                                                                          VST wh10, [p1, #32]
	   446    0x0b 0xbc 0xc4 0x99                                                                                                                          VSRS.s32.s64 x7, cm1, s0
	   450    0x00 0x01                                                                        NOPX
.aggressive_scheduled_block_id 4
.aggressive_scheduled_block_id first
	   452    0x00 0x01                                                                        NOPX
.aggressive_scheduled_block_id 4
.noswbrkpt
	   454    0xa7 0x9a 0x90 0x00 0x18 0x3d                                                                                                                VSRS.s32.s64 x10, cm5, s0;    RET lr
.delay_slot
.aggressive_scheduled_block_id 4
.aggressive_scheduled_block_id last
.nohwbrkpt
.noswbrkpt
	   460    0x09 0x05 0xa9 0xd9                                                                                                                          VST wl10, [p1], #64
.delay_slot
	   464    0x09 0x06 0x9f 0xd9                                                                                                                          VST wh7, [p1, #32]
.delay_slot
	   468    0x09 0x05 0x9d 0xd9                                                                                                                          VST wl7, [p1], #64
.delay_slot
	   472    0x20 0xd5 0x78 0x00 0x00 0x03 0x80 0x03                                                                                                      VST wh10, [p1, #32];                                        NOPM
.label vector_scalar_mul_int32_vector__end last
.delay_slot
	   480    0x00 0x00 0x00 0x00 0x01 0x05 0xa9 0xd0 0x00 0x80 0x00 0x03 0x88 0x00 0x03 0xc0  NOPA;                         NOPB;                         VST wl10, [p1], #64;          EVENT #1;                     NOPM;                                   NOPV

.undef global data _ZN12me_primitive11control_satE

.undef global data _ZN12me_primitive11control_rndE

.text_segment_name
.text global 10 vector_scalar_mul_int16_scalar
.function_start
	     0    0x10 0x32 0x01 0x19                                                                                                                                                        MOVX r25, #0
	     4    0x16 0x72 0x09 0x99                                                                                                                                                        GE r25, r25, r0
	     8    0xc8 0x00 0x50 0x40 0x01 0x95                                                                                                                                              JNZ r25, #TGT_Fvector_scalar_mul_int16_scalar_160
.delay_slot
	    14    0x40 0x56 0x08 0x00 0x10 0x1d                                                    LDA r24, [p2, #0];                                                                        EVENT #0
.delay_slot
.swstall delay_slot
	    20    0x00 0x01                                                                        NOPX
.delay_slot
.swstall delay_slot
	    22    0x00 0x01                                                                        NOPX
.delay_slot
.swstall delay_slot
	    24    0x00 0x01                                                                        NOPX
.delay_slot
.swstall delay_slot
	    26    0x00 0x01                                                                        NOPX
	    28    0x1d 0x70 0x16 0x59                                                                                                                                                                                      MOV lc, r0
	    32    0x00 0x00 0x00 0xe0 0x60 0x55                                                                                                                                              MOVXM ls, #(ZLS_Fvector_scalar_mul_int16_scalar_48 + 0)
	    38    0x00 0x00 0x00 0x00 0x00 0x02 0x38 0x48 0x10 0xbb                                NOPA;                                                                                     MOVXM le, #(ZLE_Fvector_scalar_mul_int16_scalar_144 + 0)
.label ZLS_Fvector_scalar_mul_int16_scalar_48
.loop_nesting 1
.begin_of_loop
	    48    0x00 0x27 0x33 0xd9                                                              LDA.u16 r25, [p0], #2
	    52    0x00 0x01                                                                        NOPX
.aggressive_scheduled_block_id 1
.aggressive_scheduled_block_id first
	    54    0x00 0x01                                                                        NOPX
.aggressive_scheduled_block_id 1
.noswbrkpt
	    56    0x24 0xe0 0x40 0x04 0x00 0x00 0x78 0x23                                          ST.s16 r1, [p1], #2;                                                                                                                                            NOPV
.aggressive_scheduled_block_id 1
.nohwbrkpt
.noswbrkpt
	    64    0x00 0x00 0x00 0x00 0x00 0x00 0x00 0x00 0x00 0x00 0x00 0x03 0x88 0x00 0x03 0xc0  NOPA;                         NOPB;                         NOPS;                         NOPX;                         NOPM;                                   NOPV
.aggressive_scheduled_block_id 1
.nohwbrkpt
.noswbrkpt
	    80    0x00 0x00 0x00 0x00 0x00 0x00 0x00 0x00 0x00 0x00 0x00 0x03 0x88 0x00 0x03 0xc0  NOPA;                         NOPB;                         NOPS;                         NOPX;                         NOPM;                                   NOPV
.aggressive_scheduled_block_id 1
.nohwbrkpt
.noswbrkpt
	    96    0x00 0x00 0x00 0x00 0x00 0x00 0x00 0x00 0x00 0x00 0x00 0x03 0x88 0x00 0x03 0xc0  NOPA;                         NOPB;                         NOPS;                         NOPX;                         NOPM;                                   NOPV
.aggressive_scheduled_block_id 1
.aggressive_scheduled_block_id last
.nohwbrkpt
.noswbrkpt
	   112    0x00 0x00 0x00 0x00 0x00 0x00 0x00 0x32 0x1c 0x7c 0x00 0x03 0x88 0x00 0x03 0xc0  NOPA;                         NOPB;                         NOPS;                         MUL r1, r25, r24;             NOPM;                                   NOPV
	   128    0x00 0x00 0x00 0x00 0x00 0x00 0x00 0x00 0x00 0x00 0x00 0x03 0x88 0x00 0x03 0xc0  NOPA;                         NOPB;                         NOPS;                         NOPX;                         NOPM;                                   NOPV
.label ZLE_Fvector_scalar_mul_int16_scalar_144
.end_of_loop
	   144    0x00 0x00 0x00 0x00 0x00 0x00 0x00 0x00 0x00 0x00 0x00 0x03 0x88 0x00 0x03 0xc0  NOPA;                         NOPB;                         NOPS;                         NOPX;                         NOPM;                                   NOPV
.label TGT_Fvector_scalar_mul_int16_scalar_160
.loop_nesting 0
	   160    0x10 0x00 0x18 0x19                                                                                                                                                        RET lr
.delay_slot
	   164    0x12 0x00 0x10 0x19                                                                                                                                                        EVENT #1
.delay_slot
.swstall delay_slot
	   168    0x00 0x01                                                                        NOPX
.delay_slot
.swstall delay_slot
	   170    0x00 0x01                                                                        NOPX
.delay_slot
.swstall delay_slot
	   172    0x00 0x01                                                                        NOPX
.label vector_scalar_mul_int16_scalar__end last
.delay_slot
.swstall delay_slot
	   174    0x00 0x01                                                                        NOPX

.text_segment_name
.text global 10 vector_scalar_mul_int16_vector
.function_start
	     0    0x41 0xc6 0x78 0x2c 0x68 0x00 0x00 0x01 0x18 0x00 0x10 0xb7                      LDA.s16 r25, [p2, #0];        VLDB wh1, [p0, #32];                                        MOVXM p2, #_ZN12me_primitive11control_rndE
	    12    0x40 0x57 0x08 0x24 0x48 0x01 0xe0 0x2b 0x07 0xf7 0xc8 0xb7                      LDA r28, [p2, #0];            VLDB wl1, [p0], #64;                                        MOVX r30, #1;                 MOV r24, #-5
.aggressive_scheduled_block_id 1
.aggressive_scheduled_block_id first
	    24    0x01 0xe6 0x88 0x00 0x00 0x01 0x18 0x00 0x10 0xbb                                MOVA r26, #15;                                                                            MOVXM p2, #_ZN12me_primitive11control_satE
.aggressive_scheduled_block_id 1
.noswbrkpt
	    34    0x40 0x57 0x48 0x2c 0x68 0x01 0xfc 0x6c 0x58 0x03 0x48 0xb7                      LDA r29, [p2, #0];            VLDB wh1, [p0, #32];                                        LSHL r31, r0, r24;            MOV s0, #0
.aggressive_scheduled_block_id 1
.nohwbrkpt
.noswbrkpt
	    46    0x67 0x06 0x08 0x24 0x4f 0xb7 0xfc 0x93                                          MOVA r24, #824;               VLDB wl1, [p0], #64;                                        LTU r27, r30, r31
.aggressive_scheduled_block_id 1
.nohwbrkpt
.noswbrkpt
	    54    0x10 0x2c 0x6f 0xbd 0xf6 0x05                                                                                  VLDB wh1, [p0, #32];                                        SEL.EQZ r30, r30, r31, r27
.aggressive_scheduled_block_id 1
.nohwbrkpt
.noswbrkpt
	    60    0x00 0x24 0x48 0x00 0x00 0x00 0x38 0x58 0x10 0x3b                                                              VLDB wl1, [p0], #64;                                        MOVXM ls, #(ZLS_Fvector_scalar_mul_int16_vector_176 + 0)
.aggressive_scheduled_block_id 1
.nohwbrkpt
.noswbrkpt
	    70    0x00 0x2c 0x68 0x00 0x00 0x80 0x16 0x43 0xd8 0x3b                                                              VLDB wh1, [p0, #32];                                        EVENT #0;                     VBCST.16 x0, r25
.aggressive_scheduled_block_id 1
.nohwbrkpt
.noswbrkpt
	    80    0x00 0x24 0x48 0x00 0x00 0x02 0x38 0x60 0x10 0x3b                                                              VLDB wl1, [p0], #64;                                        MOVXM le, #(ZLE_Fvector_scalar_mul_int16_vector_192 + 0)
.aggressive_scheduled_block_id 1
.nohwbrkpt
.noswbrkpt
	    90    0x05 0x8d 0x6b 0x3c 0x4d 0x7f 0x76 0xfa 0xc7 0x84 0x00 0x27                                                    VLDB wh1, [p0, #32];                                        AND r25, r26, r28;            ADD.NC lc, r30, #-7;                    VMUL cm0, x1, x0, r24
.aggressive_scheduled_block_id 1
.nohwbrkpt
.noswbrkpt
	   102    0x00 0x24 0x48 0x32 0xc1 0x02 0x4f 0x4b 0x28 0x3b                                                              VLDB wl1, [p0], #64;                                        MOVX crRnd, r25;              MOV crSat, r29
.aggressive_scheduled_block_id 1
.nohwbrkpt
.noswbrkpt
	   112    0x05 0x8d 0x00 0x00 0x00 0x00 0x00 0x00 0x00 0x00 0x00 0x03 0x8e 0x3c 0x20 0x00  NOPA;                         VLDB wh1, [p0, #32];          NOPS;                         NOPX;                         NOPM;                                   VMUL cm0, x1, x0, r24
.aggressive_scheduled_block_id 1
.nohwbrkpt
.noswbrkpt
	   128    0x04 0x89 0x00 0x00 0x00 0x00 0x00 0x00 0x00 0x00 0x00 0x03 0x88 0x00 0x03 0xc0  NOPA;                         VLDB wl1, [p0], #64;          NOPS;                         NOPX;                         NOPM;                                   NOPV
.aggressive_scheduled_block_id 1
.nohwbrkpt
.noswbrkpt
	   144    0x05 0x8d 0x00 0x00 0x00 0x00 0x00 0x00 0x00 0x00 0x00 0x03 0x8e 0x3c 0x20 0x00  NOPA;                         VLDB wh1, [p0, #32];          NOPS;                         NOPX;                         NOPM;                                   VMUL cm0, x1, x0, r24
.aggressive_scheduled_block_id 1
.nohwbrkpt
.noswbrkpt
	   160    0x04 0x89 0x00 0x00 0x01 0x2c 0x43 0x80 0x00 0x00 0x00 0x03 0x88 0x00 0x03 0xc0  NOPA;                         VLDB wl1, [p0], #64;          VST.SRS.s16.s32 bmh0, s0, [p1, #32];NOPX;                   NOPM;                                   NOPV
.label ZLS_Fvector_scalar_mul_int16_vector_176
.loop_nesting 1
.begin_of_loop
.aggressive_scheduled_block_id 1
.nohwbrkpt
.noswbrkpt
	   176    0x05 0x8d 0x00 0x00 0x01 0x24 0x41 0x80 0x00 0x00 0x00 0x03 0x8e 0x3c 0x20 0x00  NOPA;                         VLDB wh1, [p0, #32];          VST.SRS.s16.s32 bml0, s0, [p1], #64;NOPX;                   NOPM;                                   VMUL cm0, x1, x0, r24
.label ZLE_Fvector_scalar_mul_int16_vector_192
.end_of_loop
.aggressive_scheduled_block_id 1
.nohwbrkpt
.noswbrkpt
	   192    0x04 0x89 0x00 0x00 0x01 0x2c 0x43 0x80 0x00 0x00 0x00 0x03 0x88 0x00 0x03 0xc0  NOPA;                         VLDB wl1, [p0], #64;          VST.SRS.s16.s32 bmh0, s0, [p1, #32];NOPX;                   NOPM;                                   NOPV
.loop_nesting 0
.aggressive_scheduled_block_id 1
.nohwbrkpt
.noswbrkpt
	   208    0x24 0x88 0x30 0x02 0xc7 0x84 0x00 0x23                                                                                                      VST.SRS.s16.s32 bml0, s0, [p1], #64;                                                                VMUL cm0, x1, x0, r24
.aggressive_scheduled_block_id 1
.nohwbrkpt
.noswbrkpt
	   216    0x09 0x2c 0x43 0x99                                                                                                                          VST.SRS.s16.s32 bmh0, s0, [p1, #32]
.aggressive_scheduled_block_id 1
.nohwbrkpt
.noswbrkpt
	   220    0x24 0x88 0x30 0x02 0xc7 0x84 0x00 0x23                                                                                                      VST.SRS.s16.s32 bml0, s0, [p1], #64;                                                                VMUL cm0, x1, x0, r24
.aggressive_scheduled_block_id 1
.nohwbrkpt
.noswbrkpt
	   228    0x09 0x2c 0x43 0x99                                                                                                                          VST.SRS.s16.s32 bmh0, s0, [p1, #32]
.aggressive_scheduled_block_id 1
.nohwbrkpt
.noswbrkpt
	   232    0x24 0x88 0x30 0x02 0xc7 0x84 0x00 0x23                                                                                                      VST.SRS.s16.s32 bml0, s0, [p1], #64;                                                                VMUL cm0, x1, x0, r24
.aggressive_scheduled_block_id 1
.nohwbrkpt
.noswbrkpt
	   240    0x09 0x2c 0x43 0x99                                                                                                                          VST.SRS.s16.s32 bmh0, s0, [p1, #32]
.aggressive_scheduled_block_id 1
.nohwbrkpt
.noswbrkpt
	   244    0x24 0x88 0x30 0x02 0xc7 0x84 0x00 0x23                                                                                                      VST.SRS.s16.s32 bml0, s0, [p1], #64;                                                                VMUL cm0, x1, x0, r24
.aggressive_scheduled_block_id 1
.nohwbrkpt
.noswbrkpt
	   252    0x09 0x2c 0x43 0x99                                                                                                                          VST.SRS.s16.s32 bmh0, s0, [p1, #32]
.aggressive_scheduled_block_id 1
.nohwbrkpt
.noswbrkpt
	   256    0x09 0x24 0x41 0x99                                                                                                                          VST.SRS.s16.s32 bml0, s0, [p1], #64
.aggressive_scheduled_block_id 1
.nohwbrkpt
.noswbrkpt
	   260    0x25 0x88 0x70 0x00 0x18 0x3d                                                                                                                VST.SRS.s16.s32 bmh0, s0, [p1, #32];RET lr
.delay_slot
.aggressive_scheduled_block_id 1
.aggressive_scheduled_block_id last
.nohwbrkpt
.noswbrkpt
	   266    0x09 0x24 0x41 0x99                                                                                                                          VST.SRS.s16.s32 bml0, s0, [p1], #64
.delay_slot
	   270    0x09 0x2c 0x43 0x99                                                                                                                          VST.SRS.s16.s32 bmh0, s0, [p1, #32]
.delay_slot
	   274    0x09 0x24 0x41 0x99                                                                                                                          VST.SRS.s16.s32 bml0, s0, [p1], #64
.delay_slot
.swstall delay_slot
	   278    0x00 0x01                                                                        NOPX
.label vector_scalar_mul_int16_vector__end last
.delay_slot
	   280    0x00 0x10 0x00 0x80 0x00 0x03 0x88 0x43                                                                                                                                    EVENT #1;                     NOPM

.undef global data _ZN12me_primitive11control_satE

.undef global data _ZN12me_primitive11control_rndE



.direct_eval +,-,(,)
